<?xml version="1.0" encoding="UTF-8"?>
<testng-results skipped="0" failed="0" ignored="0" total="1" passed="1">
  <reporter-output>
  </reporter-output>
  <suite name="Default suite" duration-ms="111371" started-at="2018-11-15T08:00:10Z" finished-at="2018-11-15T08:02:02Z">
    <groups>
      <group name="cucumber">
        <method signature="AbstractTestNGCucumberTests.feature(cucumber.api.testng.CucumberFeatureWrapper)[pri:0, instance:TestRunner.TestRunnerChrome@ff5b51f]" name="feature" class="cucumber.api.testng.AbstractTestNGCucumberTests"/>
      </group> <!-- cucumber -->
    </groups>
    <test name="Default test" duration-ms="111371" started-at="2018-11-15T08:00:10Z" finished-at="2018-11-15T08:02:02Z">
      <class name="TestRunner.TestRunnerChrome">
        <test-method status="PASS" signature="setUpClass()[pri:0, instance:TestRunner.TestRunnerChrome@ff5b51f]" name="setUpClass" is-config="true" duration-ms="454" started-at="2018-11-15T08:00:10Z" finished-at="2018-11-15T08:00:11Z">
          <reporter-output>
          </reporter-output>
        </test-method> <!-- setUpClass -->
        <test-method status="PASS" signature="feature(cucumber.api.testng.CucumberFeatureWrapper)[pri:0, instance:TestRunner.TestRunnerChrome@ff5b51f]" name="feature" duration-ms="110604" started-at="2018-11-15T08:00:11Z" description="Runs Cucumber Feature" data-provider="features" finished-at="2018-11-15T08:02:01Z">
          <params>
            <param index="0">
              <value>
                <![CDATA[E2E automated scenarios for validating important information on homepage in chrome browser]]>
              </value>
            </param>
          </params>
          <reporter-output>
          </reporter-output>
        </test-method> <!-- feature -->
        <test-method status="PASS" signature="tearDownClass()[pri:0, instance:TestRunner.TestRunnerChrome@ff5b51f]" name="tearDownClass" is-config="true" duration-ms="157" started-at="2018-11-15T08:02:01Z" finished-at="2018-11-15T08:02:02Z">
          <reporter-output>
          </reporter-output>
        </test-method> <!-- tearDownClass -->
      </class> <!-- TestRunner.TestRunnerChrome -->
    </test> <!-- Default test -->
  </suite> <!-- Default suite -->
</testng-results>
